2022-05-02 15:52:51 - D:\Programmer\Py3\私人项目\87_Flask_客户员工_货物发布购买等功能\programmer\app\tools\logger.py - DEBUG - 26 进入商城
2022-05-02 15:56:44 - DEBUG - 26 进入商城
2022-05-02 16:02:10 - DEBUG - 21 1(admin): 进入商城
2022-05-02 16:07:46 - DEBUG - 27 用户进入登录页面
2022-05-02 16:08:00 - DEBUG - 27 用户进入登录页面
2022-05-02 16:08:04 - DEBUG - 27 进入商城
2022-05-02 16:08:08 - DEBUG - 27 进入商城
2022-05-02 16:10:42 - DEBUG - 27 进入商城
2022-05-02 16:11:16 - DEBUG - 27 用户进入登录页面
2022-05-02 16:11:27 - DEBUG - 25 guoaoduan@163.com(common): 用户登录成功
2022-05-02 16:11:29 - DEBUG - 25 guoaoduan@163.com(common): 进入商城
2022-05-02 16:11:35 - DEBUG - 25 guoaoduan@163.com(common): 进入商城
2022-05-02 16:13:18 - DEBUG - 25 guoaoduan@163.com(common): 用户已支付订单
2022-05-02 16:17:04 - DEBUG - 27 进入商城
2022-05-02 16:17:31 - DEBUG - 27 用户进入登录页面
2022-05-02 16:18:03 - DEBUG - 25 guoaoduan@163.com(common): 用户登录成功
2022-05-02 16:18:06 - DEBUG - 25 guoaoduan@163.com(common): 进入商城
2022-05-02 16:18:33 - DEBUG - 25 guoaoduan@163.com(common): 用户已支付订单
2022-05-06 21:16:54 - DEBUG - 25 1(admin): 用户登录成功
2022-05-06 21:17:07 - DEBUG - 25 2240551797@qq.com(super_admin): 用户登录成功
2022-05-09 15:31:01 - DEBUG - 25 2240551797@qq.com(super_admin): 进入商城
2022-05-09 18:34:56 - DEBUG - 27 用户注册成功
2022-05-09 18:35:19 - DEBUG - 27 用户注册成功
2022-05-09 18:35:27 - DEBUG - 25 8(common): 用户登录成功
2022-05-09 18:51:47 - DEBUG - 25 8(common): 进入商城
2022-05-09 19:20:42 - DEBUG - 27 用户注册成功
2022-05-09 19:20:52 - DEBUG - 25 1(admin): 用户登录成功
2022-05-09 19:24:45 - DEBUG - 25 9(common): 用户登录成功
2022-05-09 19:41:54 - DEBUG - 25 2240551797@qq.com(super_admin): 用户登录成功
2022-05-09 19:46:53 - DEBUG - 25 1(super_admin): 用户登录成功
2022-05-09 20:04:22 - DEBUG - 25 9(common): 用户登录成功
2023-04-11 14:25:54 - DEBUG - 25 1(super_admin): 用户登录成功
2023-04-11 14:27:17 - DEBUG - 25 8(common): 用户登录成功
2024-02-15 21:34:36 - DEBUG - 25 1(super_admin): 用户登录成功
2024-02-16 08:48:34 - DEBUG - 27 用户注册成功
2024-02-16 08:48:39 - DEBUG - 25 1(super_admin): 用户登录成功
2024-03-08 17:10:34 - DEBUG - 25 1(super_admin): 用户登录成功
2024-04-08 00:16:27 - DEBUG - 25 1(super_admin): 用户登录成功
2024-04-08 00:19:35 - DEBUG - 27 用户注册成功
2024-04-08 00:19:39 - DEBUG - 25 6(common): 用户登录成功
2024-05-08 22:18:32 - DEBUG - 25 1(super_admin): 用户登录成功
2024-05-08 22:25:39 - DEBUG - 27 用户注册成功
2024-05-08 22:25:43 - DEBUG - 25 小明(common): 用户登录成功
2024-05-08 22:29:10 - DEBUG - 25 1(super_admin): 用户登录成功
2024-05-08 22:32:06 - DEBUG - 27 用户注册成功
2024-05-08 22:32:08 - DEBUG - 25 小红(common): 用户登录成功
2024-05-08 23:11:44 - DEBUG - 25 小明(common): 用户登录成功
2024-05-08 23:20:01 - DEBUG - 25 小明(common): 用户登录成功
2024-05-09 19:05:19 - DEBUG - 25 小明(common): 用户登录成功
2024-05-12 23:16:46 - DEBUG - 25 小明(common): 用户登录成功
